<?xml version="1.0" encoding="UTF-8"?>
<testng-results ignored="0" total="1" passed="1" failed="0" skipped="0">
  <reporter-output>
  </reporter-output>
  <suite started-at="2024-11-29T02:39:32 IST" name="Surefire suite" finished-at="2024-11-29T02:40:05 IST" duration-ms="32757">
    <groups>
    </groups>
    <test started-at="2024-11-29T02:39:32 IST" name="Surefire test" finished-at="2024-11-29T02:40:05 IST" duration-ms="32757">
      <class name="test.Test3And4">
        <test-method signature="sample_test()[pri:0, instance:test.Test3And4@149e0f5d]" started-at="2024-11-29T02:39:32 IST" name="sample_test" finished-at="2024-11-29T02:40:05 IST" duration-ms="32659" status="PASS">
          <reporter-output>
          </reporter-output>
        </test-method> <!-- sample_test -->
      </class> <!-- test.Test3And4 -->
    </test> <!-- Surefire test -->
  </suite> <!-- Surefire suite -->
</testng-results>
